[2020-06-05 11:12:15] harborx.szewec.com/base/openjdk:8-jdk-alpine pull failed.
[2020-06-05 11:12:15] harborx.szewec.com/base/openjdk:8-jdk-alpine save successfully.
[2020-06-05 11:12:15] harborx.szewec.com/base/nginx:18 pull failed.
[2020-06-05 11:12:15] harborx.szewec.com/base/nginx:18 save successfully.
[2020-06-05 11:12:15] harborx.szewec.com/base/nginx:latest pull failed.
[2020-06-05 11:12:15] harborx.szewec.com/base/nginx:latest save successfully.
[2020-06-05 11:12:16] harborx.szewec.com/base/java:8 pull failed.
[2020-06-05 11:12:16] harborx.szewec.com/base/java:8 save successfully.
[2020-06-05 11:12:16] harborx.szewec.com/base/maven:2.0 pull failed.
[2020-06-05 11:12:16] harborx.szewec.com/base/maven:2.0 save successfully.
[2020-06-05 11:12:16] harborx.szewec.com/base/jenkins/jnlp-slave:alpine pull failed.
[2020-06-05 11:12:16] harborx.szewec.com/base/jenkins/jnlp-slave:alpine save successfully.
[2020-06-05 11:12:17] harborx.szewec.com/base/docker:latest pull failed.
[2020-06-05 11:12:17] harborx.szewec.com/base/docker:latest save successfully.
[2020-06-05 11:12:17] harborx.szewec.com/base/maven:3.6-alpine pull failed.
[2020-06-05 11:12:17] harborx.szewec.com/base/maven:3.6-alpine save successfully.
[2020-06-05 15:38:19] goharbor/prepare:v2.0.0 pull successfully.
[2020-06-05 15:46:23] goharbor/prepare:v2.0.0 save successfully.
[2020-06-05 15:55:37] goharbor-prepare-v2.0.0 load successfully.
[2020-06-05 15:55:39] goharbor-chartmuseum-photon-v2.0.0 load successfully.
[2020-06-05 15:55:40] goharbor-trivy-adapter-photon-v2.0.0 load successfully.
[2020-06-05 15:55:41] goharbor-clair-adapter-photon-v2.0.0 load successfully.
[2020-06-05 15:55:43] goharbor-clair-photon-v2.0.0 load successfully.
[2020-06-05 15:55:45] goharbor-notary-server-photon-v2.0.0 load successfully.
[2020-06-05 16:53:05] docker.io/goharbor/harbor-log:v2.0.0 pull successfully.
[2020-06-05 16:58:29] docker.io/goharbor/harbor-log:v2.0.0 pull successfully.
[2020-06-05 16:59:08] docker.io/goharbor/harbor-log:v2.0.0 pull successfully.
[2020-06-05 17:00:01] goharbor/harbor-log:v2.0.0 save successfully.
[2020-06-05 17:09:48] goharbor/harbor-db:v2.0.0 pull successfully.
[2020-06-05 17:20:19] goharbor/redis-photon:v2.0.0 save successfully.
[2020-06-05 17:20:30] goharbor/harbor-db:v2.0.0 save successfully.
